Determining if the pthread_create exist failed with the following output:
Change Dir: /home/adrianhp97/Desktop/College/OpenGL-Project/Tugas3/build/CMakeFiles/CMakeTmp

Run Build Command:"/usr/bin/make" "cmTC_00d25/fast"
/usr/bin/make -f CMakeFiles/cmTC_00d25.dir/build.make CMakeFiles/cmTC_00d25.dir/build
make[1]: Entering directory '/home/adrianhp97/Desktop/College/OpenGL-Project/Tugas3/build/CMakeFiles/CMakeTmp'
Building C object CMakeFiles/cmTC_00d25.dir/CheckSymbolExists.c.o
/usr/bin/cc    -o CMakeFiles/cmTC_00d25.dir/CheckSymbolExists.c.o   -c /home/adrianhp97/Desktop/College/OpenGL-Project/Tugas3/build/CMakeFiles/CMakeTmp/CheckSymbolExists.c
Linking C executable cmTC_00d25
/usr/local/bin/cmake -E cmake_link_script CMakeFiles/cmTC_00d25.dir/link.txt --verbose=1
/usr/bin/cc      -rdynamic CMakeFiles/cmTC_00d25.dir/CheckSymbolExists.c.o  -o cmTC_00d25 
CMakeFiles/cmTC_00d25.dir/CheckSymbolExists.c.o: In function `main':
CheckSymbolExists.c:(.text+0x16): undefined reference to `pthread_create'
collect2: error: ld returned 1 exit status
CMakeFiles/cmTC_00d25.dir/build.make:86: recipe for target 'cmTC_00d25' failed
make[1]: *** [cmTC_00d25] Error 1
make[1]: Leaving directory '/home/adrianhp97/Desktop/College/OpenGL-Project/Tugas3/build/CMakeFiles/CMakeTmp'
Makefile:126: recipe for target 'cmTC_00d25/fast' failed
make: *** [cmTC_00d25/fast] Error 2

File /home/adrianhp97/Desktop/College/OpenGL-Project/Tugas3/build/CMakeFiles/CMakeTmp/CheckSymbolExists.c:
/* */
#include <pthread.h>

int main(int argc, char** argv)
{
  (void)argv;
#ifndef pthread_create
  return ((int*)(&pthread_create))[argc];
#else
  (void)argc;
  return 0;
#endif
}

Determining if the function pthread_create exists in the pthreads failed with the following output:
Change Dir: /home/adrianhp97/Desktop/College/OpenGL-Project/Tugas3/build/CMakeFiles/CMakeTmp

Run Build Command:"/usr/bin/make" "cmTC_d0157/fast"
/usr/bin/make -f CMakeFiles/cmTC_d0157.dir/build.make CMakeFiles/cmTC_d0157.dir/build
make[1]: Entering directory '/home/adrianhp97/Desktop/College/OpenGL-Project/Tugas3/build/CMakeFiles/CMakeTmp'
Building C object CMakeFiles/cmTC_d0157.dir/CheckFunctionExists.c.o
/usr/bin/cc   -DCHECK_FUNCTION_EXISTS=pthread_create   -o CMakeFiles/cmTC_d0157.dir/CheckFunctionExists.c.o   -c /usr/local/share/cmake-3.11/Modules/CheckFunctionExists.c
Linking C executable cmTC_d0157
/usr/local/bin/cmake -E cmake_link_script CMakeFiles/cmTC_d0157.dir/link.txt --verbose=1
/usr/bin/cc  -DCHECK_FUNCTION_EXISTS=pthread_create    -rdynamic CMakeFiles/cmTC_d0157.dir/CheckFunctionExists.c.o  -o cmTC_d0157 -lpthreads 
/usr/bin/ld: cannot find -lpthreads
collect2: error: ld returned 1 exit status
CMakeFiles/cmTC_d0157.dir/build.make:86: recipe for target 'cmTC_d0157' failed
make[1]: *** [cmTC_d0157] Error 1
make[1]: Leaving directory '/home/adrianhp97/Desktop/College/OpenGL-Project/Tugas3/build/CMakeFiles/CMakeTmp'
Makefile:126: recipe for target 'cmTC_d0157/fast' failed
make: *** [cmTC_d0157/fast] Error 2


